Copyright 1986-2021 Xilinx, Inc. All Rights Reserved.
---------------------------------------------------------------------------------------------------------------------------------------------------
| Tool Version : Vivado v.2021.2 (lin64) Build 3367213 Tue Oct 19 02:47:39 MDT 2021
| Date         : Sat May  7 14:39:51 2022
| Host         : kevin-Surface-Book-2 running 64-bit Ubuntu 20.04.3 LTS
| Command      : report_drc -file color_design_wrapper_drc_opted.rpt -pb color_design_wrapper_drc_opted.pb -rpx color_design_wrapper_drc_opted.rpx
| Design       : color_design_wrapper
| Device       : xc7z010clg400-1
| Speed File   : -1
| Design State : Synthesized
---------------------------------------------------------------------------------------------------------------------------------------------------

Report DRC

Table of Contents
-----------------
1. REPORT SUMMARY
2. REPORT DETAILS

1. REPORT SUMMARY
-----------------
            Netlist: netlist
          Floorplan: design_1
      Design limits: <entire design considered>
           Ruledeck: default
             Max violations: <unlimited>
             Violations found: 4
+--------+----------+--------------------------+------------+
| Rule   | Severity | Description              | Violations |
+--------+----------+--------------------------+------------+
| BUFC-1 | Warning  | Input Buffer Connections | 4          |
+--------+----------+--------------------------+------------+

2. REPORT DETAILS
-----------------
BUFC-1#1 Warning
Input Buffer Connections  
Input buffer Pmod_out_0_pin10_iobuf/IBUF (in Pmod_out_0_pin10_iobuf macro) has no loads. It is recommended to have an input buffer drive an internal load.
Related violations: <none>

BUFC-1#2 Warning
Input Buffer Connections  
Input buffer Pmod_out_0_pin7_iobuf/IBUF (in Pmod_out_0_pin7_iobuf macro) has no loads. It is recommended to have an input buffer drive an internal load.
Related violations: <none>

BUFC-1#3 Warning
Input Buffer Connections  
Input buffer Pmod_out_0_pin8_iobuf/IBUF (in Pmod_out_0_pin8_iobuf macro) has no loads. It is recommended to have an input buffer drive an internal load.
Related violations: <none>

BUFC-1#4 Warning
Input Buffer Connections  
Input buffer Pmod_out_0_pin9_iobuf/IBUF (in Pmod_out_0_pin9_iobuf macro) has no loads. It is recommended to have an input buffer drive an internal load.
Related violations: <none>


