14:41:34 INFO  : Platform repository initialization has completed.
14:41:34 INFO  : Launching XSCT server: xsct -n  -interactive /home/kevin/Documents/ECE520/projectFinal/project-final/Software/temp_xsdb_launch_script.tcl
14:41:34 INFO  : Registering command handlers for Vitis TCF services
14:41:39 INFO  : XSCT server has started successfully.
14:41:39 INFO  : plnx-install-location is set to ''
14:41:39 INFO  : Successfully done setting XSCT server connection channel  
14:41:39 INFO  : Successfully done setting workspace for the tool. 
14:41:39 INFO  : Successfully done query RDI_DATADIR 
14:42:25 INFO  : Result from executing command 'getProjects': color_design_wrapper
14:42:25 INFO  : Result from executing command 'getPlatforms': 
14:42:25 WARN  : An unexpected exception occurred in the module 'platform project logging'
14:42:25 INFO  : Platform 'color_design_wrapper' is added to custom repositories.
14:42:36 INFO  : Platform 'color_design_wrapper' is added to custom repositories.
14:43:23 INFO  : Result from executing command 'getProjects': color_design_wrapper
14:43:23 INFO  : Result from executing command 'getPlatforms': color_design_wrapper|/home/kevin/Documents/ECE520/projectFinal/project-final/Software/color_design_wrapper/export/color_design_wrapper/color_design_wrapper.xpfm
14:43:26 INFO  : Checking for BSP changes to sync application flags for project 'pmod_color'...
14:44:55 INFO  : Connected to target on host '127.0.0.1' and port '3121'.
14:44:55 INFO  : 'targets -set -filter {jtag_cable_name =~ "Digilent Zybo Z7 210351AF248EA" && level==0 && jtag_device_ctx=="jsn-Zybo Z7-210351AF248EA-13722093-0"}' command is executed.
14:44:57 INFO  : Device configured successfully with "/home/kevin/Documents/ECE520/projectFinal/project-final/Software/pmod_color/_ide/bitstream/color_design_wrapper.bit"
14:45:05 INFO  : Connected to target on host '127.0.0.1' and port '3121'.
14:45:05 INFO  : Jtag cable 'Digilent Zybo Z7 210351AF248EA' is selected.
14:45:05 INFO  : 'jtag frequency' command is executed.
14:45:05 INFO  : Context for 'APU' is selected.
14:45:05 INFO  : System reset is completed.
14:45:08 INFO  : 'after 3000' command is executed.
14:45:08 INFO  : 'targets -set -filter {jtag_cable_name =~ "Digilent Zybo Z7 210351AF248EA" && level==0 && jtag_device_ctx=="jsn-Zybo Z7-210351AF248EA-13722093-0"}' command is executed.
14:45:09 INFO  : Device configured successfully with "/home/kevin/Documents/ECE520/projectFinal/project-final/Software/pmod_color/_ide/bitstream/color_design_wrapper.bit"
14:45:09 INFO  : Context for 'APU' is selected.
14:45:09 INFO  : Hardware design and registers information is loaded from '/home/kevin/Documents/ECE520/projectFinal/project-final/Software/color_design_wrapper/export/color_design_wrapper/hw/color_design_wrapper.xsa'.
14:45:09 INFO  : 'configparams force-mem-access 1' command is executed.
14:45:09 INFO  : Context for 'APU' is selected.
14:45:09 INFO  : Sourcing of '/home/kevin/Documents/ECE520/projectFinal/project-final/Software/pmod_color/_ide/psinit/ps7_init.tcl' is done.
14:45:10 INFO  : 'ps7_init' command is executed.
14:45:10 INFO  : 'ps7_post_config' command is executed.
14:45:10 INFO  : Context for processor 'ps7_cortexa9_0' is selected.
14:45:10 INFO  : The application '/home/kevin/Documents/ECE520/projectFinal/project-final/Software/pmod_color/Debug/pmod_color.elf' is downloaded to processor 'ps7_cortexa9_0'.
14:45:10 INFO  : 'configparams force-mem-access 0' command is executed.
14:45:10 INFO  : ----------------XSDB Script----------------
connect -url tcp:127.0.0.1:3121
targets -set -nocase -filter {name =~"APU*"}
rst -system
after 3000
targets -set -filter {jtag_cable_name =~ "Digilent Zybo Z7 210351AF248EA" && level==0 && jtag_device_ctx=="jsn-Zybo Z7-210351AF248EA-13722093-0"}
fpga -file /home/kevin/Documents/ECE520/projectFinal/project-final/Software/pmod_color/_ide/bitstream/color_design_wrapper.bit
targets -set -nocase -filter {name =~"APU*"}
loadhw -hw /home/kevin/Documents/ECE520/projectFinal/project-final/Software/color_design_wrapper/export/color_design_wrapper/hw/color_design_wrapper.xsa -mem-ranges [list {0x40000000 0xbfffffff}] -regs
configparams force-mem-access 1
targets -set -nocase -filter {name =~"APU*"}
source /home/kevin/Documents/ECE520/projectFinal/project-final/Software/pmod_color/_ide/psinit/ps7_init.tcl
ps7_init
ps7_post_config
targets -set -nocase -filter {name =~ "*A9*#0"}
dow /home/kevin/Documents/ECE520/projectFinal/project-final/Software/pmod_color/Debug/pmod_color.elf
configparams force-mem-access 0
----------------End of Script----------------

14:45:10 INFO  : Context for processor 'ps7_cortexa9_0' is selected.
14:45:10 INFO  : 'con' command is executed.
14:45:10 INFO  : ----------------XSDB Script (After Launch)----------------
targets -set -nocase -filter {name =~ "*A9*#0"}
con
----------------End of Script----------------

14:45:10 INFO  : Disconnected from the channel tcfchan#2.
14:45:52 INFO  : Connected to target on host '127.0.0.1' and port '3121'.
14:45:52 INFO  : Jtag cable 'Digilent Zybo Z7 210351AF248EA' is selected.
14:45:52 INFO  : 'jtag frequency' command is executed.
14:45:52 INFO  : Context for 'APU' is selected.
14:45:52 INFO  : System reset is completed.
14:45:55 INFO  : 'after 3000' command is executed.
14:45:55 INFO  : 'targets -set -filter {jtag_cable_name =~ "Digilent Zybo Z7 210351AF248EA" && level==0 && jtag_device_ctx=="jsn-Zybo Z7-210351AF248EA-13722093-0"}' command is executed.
14:45:57 INFO  : Device configured successfully with "/home/kevin/Documents/ECE520/projectFinal/project-final/Software/pmod_color/_ide/bitstream/color_design_wrapper.bit"
14:45:57 INFO  : Context for 'APU' is selected.
14:45:57 INFO  : Hardware design and registers information is loaded from '/home/kevin/Documents/ECE520/projectFinal/project-final/Software/color_design_wrapper/export/color_design_wrapper/hw/color_design_wrapper.xsa'.
14:45:57 INFO  : 'configparams force-mem-access 1' command is executed.
14:45:57 INFO  : Context for 'APU' is selected.
14:45:57 INFO  : Sourcing of '/home/kevin/Documents/ECE520/projectFinal/project-final/Software/pmod_color/_ide/psinit/ps7_init.tcl' is done.
14:45:57 INFO  : 'ps7_init' command is executed.
14:45:57 INFO  : 'ps7_post_config' command is executed.
14:45:57 INFO  : Context for processor 'ps7_cortexa9_0' is selected.
14:45:57 INFO  : The application '/home/kevin/Documents/ECE520/projectFinal/project-final/Software/pmod_color/Debug/pmod_color.elf' is downloaded to processor 'ps7_cortexa9_0'.
14:45:57 INFO  : 'configparams force-mem-access 0' command is executed.
14:45:57 INFO  : ----------------XSDB Script----------------
connect -url tcp:127.0.0.1:3121
targets -set -nocase -filter {name =~"APU*"}
rst -system
after 3000
targets -set -filter {jtag_cable_name =~ "Digilent Zybo Z7 210351AF248EA" && level==0 && jtag_device_ctx=="jsn-Zybo Z7-210351AF248EA-13722093-0"}
fpga -file /home/kevin/Documents/ECE520/projectFinal/project-final/Software/pmod_color/_ide/bitstream/color_design_wrapper.bit
targets -set -nocase -filter {name =~"APU*"}
loadhw -hw /home/kevin/Documents/ECE520/projectFinal/project-final/Software/color_design_wrapper/export/color_design_wrapper/hw/color_design_wrapper.xsa -mem-ranges [list {0x40000000 0xbfffffff}] -regs
configparams force-mem-access 1
targets -set -nocase -filter {name =~"APU*"}
source /home/kevin/Documents/ECE520/projectFinal/project-final/Software/pmod_color/_ide/psinit/ps7_init.tcl
ps7_init
ps7_post_config
targets -set -nocase -filter {name =~ "*A9*#0"}
dow /home/kevin/Documents/ECE520/projectFinal/project-final/Software/pmod_color/Debug/pmod_color.elf
configparams force-mem-access 0
----------------End of Script----------------

14:45:57 INFO  : Context for processor 'ps7_cortexa9_0' is selected.
14:45:57 INFO  : 'con' command is executed.
14:45:57 INFO  : ----------------XSDB Script (After Launch)----------------
targets -set -nocase -filter {name =~ "*A9*#0"}
con
----------------End of Script----------------

14:45:57 INFO  : Disconnected from the channel tcfchan#3.
14:46:33 INFO  : Connected to target on host '127.0.0.1' and port '3121'.
14:46:33 INFO  : Jtag cable 'Digilent Zybo Z7 210351AF248EA' is selected.
14:46:33 INFO  : 'jtag frequency' command is executed.
14:46:33 INFO  : Context for 'APU' is selected.
14:46:33 INFO  : System reset is completed.
14:46:36 INFO  : 'after 3000' command is executed.
14:46:36 INFO  : 'targets -set -filter {jtag_cable_name =~ "Digilent Zybo Z7 210351AF248EA" && level==0 && jtag_device_ctx=="jsn-Zybo Z7-210351AF248EA-13722093-0"}' command is executed.
14:46:37 INFO  : Device configured successfully with "/home/kevin/Documents/ECE520/projectFinal/project-final/Software/pmod_color/_ide/bitstream/color_design_wrapper.bit"
14:46:37 INFO  : Context for 'APU' is selected.
14:46:37 INFO  : Hardware design and registers information is loaded from '/home/kevin/Documents/ECE520/projectFinal/project-final/Software/color_design_wrapper/export/color_design_wrapper/hw/color_design_wrapper.xsa'.
14:46:38 INFO  : 'configparams force-mem-access 1' command is executed.
14:46:38 INFO  : Context for 'APU' is selected.
14:46:38 INFO  : Sourcing of '/home/kevin/Documents/ECE520/projectFinal/project-final/Software/pmod_color/_ide/psinit/ps7_init.tcl' is done.
14:46:38 INFO  : 'ps7_init' command is executed.
14:46:38 INFO  : 'ps7_post_config' command is executed.
14:46:38 INFO  : Context for processor 'ps7_cortexa9_0' is selected.
14:46:38 INFO  : The application '/home/kevin/Documents/ECE520/projectFinal/project-final/Software/pmod_color/Debug/pmod_color.elf' is downloaded to processor 'ps7_cortexa9_0'.
14:46:38 INFO  : 'configparams force-mem-access 0' command is executed.
14:46:38 INFO  : ----------------XSDB Script----------------
connect -url tcp:127.0.0.1:3121
targets -set -nocase -filter {name =~"APU*"}
rst -system
after 3000
targets -set -filter {jtag_cable_name =~ "Digilent Zybo Z7 210351AF248EA" && level==0 && jtag_device_ctx=="jsn-Zybo Z7-210351AF248EA-13722093-0"}
fpga -file /home/kevin/Documents/ECE520/projectFinal/project-final/Software/pmod_color/_ide/bitstream/color_design_wrapper.bit
targets -set -nocase -filter {name =~"APU*"}
loadhw -hw /home/kevin/Documents/ECE520/projectFinal/project-final/Software/color_design_wrapper/export/color_design_wrapper/hw/color_design_wrapper.xsa -mem-ranges [list {0x40000000 0xbfffffff}] -regs
configparams force-mem-access 1
targets -set -nocase -filter {name =~"APU*"}
source /home/kevin/Documents/ECE520/projectFinal/project-final/Software/pmod_color/_ide/psinit/ps7_init.tcl
ps7_init
ps7_post_config
targets -set -nocase -filter {name =~ "*A9*#0"}
dow /home/kevin/Documents/ECE520/projectFinal/project-final/Software/pmod_color/Debug/pmod_color.elf
configparams force-mem-access 0
----------------End of Script----------------

14:46:38 INFO  : Context for processor 'ps7_cortexa9_0' is selected.
14:46:38 INFO  : 'con' command is executed.
14:46:38 INFO  : ----------------XSDB Script (After Launch)----------------
targets -set -nocase -filter {name =~ "*A9*#0"}
con
----------------End of Script----------------

14:46:38 INFO  : Disconnected from the channel tcfchan#4.
14:47:03 INFO  : Connected to target on host '127.0.0.1' and port '3121'.
14:47:03 INFO  : Jtag cable 'Digilent Zybo Z7 210351AF248EA' is selected.
14:47:03 INFO  : 'jtag frequency' command is executed.
14:47:03 INFO  : Context for 'APU' is selected.
14:47:03 INFO  : System reset is completed.
14:47:06 INFO  : 'after 3000' command is executed.
14:47:06 INFO  : 'targets -set -filter {jtag_cable_name =~ "Digilent Zybo Z7 210351AF248EA" && level==0 && jtag_device_ctx=="jsn-Zybo Z7-210351AF248EA-13722093-0"}' command is executed.
14:47:08 INFO  : Device configured successfully with "/home/kevin/Documents/ECE520/projectFinal/project-final/Software/pmod_color/_ide/bitstream/color_design_wrapper.bit"
14:47:08 INFO  : Context for 'APU' is selected.
14:47:08 INFO  : Hardware design and registers information is loaded from '/home/kevin/Documents/ECE520/projectFinal/project-final/Software/color_design_wrapper/export/color_design_wrapper/hw/color_design_wrapper.xsa'.
14:47:08 INFO  : 'configparams force-mem-access 1' command is executed.
14:47:08 INFO  : Context for 'APU' is selected.
14:47:08 INFO  : Sourcing of '/home/kevin/Documents/ECE520/projectFinal/project-final/Software/pmod_color/_ide/psinit/ps7_init.tcl' is done.
14:47:08 INFO  : 'ps7_init' command is executed.
14:47:08 INFO  : 'ps7_post_config' command is executed.
14:47:08 INFO  : Context for processor 'ps7_cortexa9_0' is selected.
14:47:08 INFO  : The application '/home/kevin/Documents/ECE520/projectFinal/project-final/Software/pmod_color/Debug/pmod_color.elf' is downloaded to processor 'ps7_cortexa9_0'.
14:47:08 INFO  : 'configparams force-mem-access 0' command is executed.
14:47:08 INFO  : ----------------XSDB Script----------------
connect -url tcp:127.0.0.1:3121
targets -set -nocase -filter {name =~"APU*"}
rst -system
after 3000
targets -set -filter {jtag_cable_name =~ "Digilent Zybo Z7 210351AF248EA" && level==0 && jtag_device_ctx=="jsn-Zybo Z7-210351AF248EA-13722093-0"}
fpga -file /home/kevin/Documents/ECE520/projectFinal/project-final/Software/pmod_color/_ide/bitstream/color_design_wrapper.bit
targets -set -nocase -filter {name =~"APU*"}
loadhw -hw /home/kevin/Documents/ECE520/projectFinal/project-final/Software/color_design_wrapper/export/color_design_wrapper/hw/color_design_wrapper.xsa -mem-ranges [list {0x40000000 0xbfffffff}] -regs
configparams force-mem-access 1
targets -set -nocase -filter {name =~"APU*"}
source /home/kevin/Documents/ECE520/projectFinal/project-final/Software/pmod_color/_ide/psinit/ps7_init.tcl
ps7_init
ps7_post_config
targets -set -nocase -filter {name =~ "*A9*#0"}
dow /home/kevin/Documents/ECE520/projectFinal/project-final/Software/pmod_color/Debug/pmod_color.elf
configparams force-mem-access 0
----------------End of Script----------------

14:47:08 INFO  : Context for processor 'ps7_cortexa9_0' is selected.
14:47:08 INFO  : 'con' command is executed.
14:47:08 INFO  : ----------------XSDB Script (After Launch)----------------
targets -set -nocase -filter {name =~ "*A9*#0"}
con
----------------End of Script----------------

14:47:08 INFO  : Disconnected from the channel tcfchan#5.
14:48:08 INFO  : Checking for BSP changes to sync application flags for project 'pmod_color'...
14:49:23 INFO  : Checking for BSP changes to sync application flags for project 'pmod_color'...
14:49:44 INFO  : Connected to target on host '127.0.0.1' and port '3121'.
14:49:44 INFO  : 'targets -set -filter {jtag_cable_name =~ "Digilent Zybo Z7 210351AF248EA" && level==0 && jtag_device_ctx=="jsn-Zybo Z7-210351AF248EA-13722093-0"}' command is executed.
14:49:45 INFO  : Device configured successfully with "/home/kevin/Documents/ECE520/projectFinal/project-final/Software/pmod_color/_ide/bitstream/color_design_wrapper.bit"
14:50:07 INFO  : Connected to target on host '127.0.0.1' and port '3121'.
14:50:07 INFO  : Jtag cable 'Digilent Zybo Z7 210351AF248EA' is selected.
14:50:07 INFO  : 'jtag frequency' command is executed.
14:50:07 INFO  : Context for 'APU' is selected.
14:50:07 INFO  : System reset is completed.
14:50:10 INFO  : 'after 3000' command is executed.
14:50:11 INFO  : 'targets -set -filter {jtag_cable_name =~ "Digilent Zybo Z7 210351AF248EA" && level==0 && jtag_device_ctx=="jsn-Zybo Z7-210351AF248EA-13722093-0"}' command is executed.
14:50:12 INFO  : Device configured successfully with "/home/kevin/Documents/ECE520/projectFinal/project-final/Software/pmod_color/_ide/bitstream/color_design_wrapper.bit"
14:50:12 INFO  : Context for 'APU' is selected.
14:50:12 INFO  : Hardware design and registers information is loaded from '/home/kevin/Documents/ECE520/projectFinal/project-final/Software/color_design_wrapper/export/color_design_wrapper/hw/color_design_wrapper.xsa'.
14:50:12 INFO  : 'configparams force-mem-access 1' command is executed.
14:50:12 INFO  : Context for 'APU' is selected.
14:50:12 INFO  : Sourcing of '/home/kevin/Documents/ECE520/projectFinal/project-final/Software/pmod_color/_ide/psinit/ps7_init.tcl' is done.
14:50:12 INFO  : 'ps7_init' command is executed.
14:50:12 INFO  : 'ps7_post_config' command is executed.
14:50:12 INFO  : Context for processor 'ps7_cortexa9_0' is selected.
14:50:12 INFO  : The application '/home/kevin/Documents/ECE520/projectFinal/project-final/Software/pmod_color/Debug/pmod_color.elf' is downloaded to processor 'ps7_cortexa9_0'.
14:50:12 INFO  : 'configparams force-mem-access 0' command is executed.
14:50:12 INFO  : ----------------XSDB Script----------------
connect -url tcp:127.0.0.1:3121
targets -set -nocase -filter {name =~"APU*"}
rst -system
after 3000
targets -set -filter {jtag_cable_name =~ "Digilent Zybo Z7 210351AF248EA" && level==0 && jtag_device_ctx=="jsn-Zybo Z7-210351AF248EA-13722093-0"}
fpga -file /home/kevin/Documents/ECE520/projectFinal/project-final/Software/pmod_color/_ide/bitstream/color_design_wrapper.bit
targets -set -nocase -filter {name =~"APU*"}
loadhw -hw /home/kevin/Documents/ECE520/projectFinal/project-final/Software/color_design_wrapper/export/color_design_wrapper/hw/color_design_wrapper.xsa -mem-ranges [list {0x40000000 0xbfffffff}] -regs
configparams force-mem-access 1
targets -set -nocase -filter {name =~"APU*"}
source /home/kevin/Documents/ECE520/projectFinal/project-final/Software/pmod_color/_ide/psinit/ps7_init.tcl
ps7_init
ps7_post_config
targets -set -nocase -filter {name =~ "*A9*#0"}
dow /home/kevin/Documents/ECE520/projectFinal/project-final/Software/pmod_color/Debug/pmod_color.elf
configparams force-mem-access 0
----------------End of Script----------------

14:50:12 INFO  : Context for processor 'ps7_cortexa9_0' is selected.
14:50:13 INFO  : 'con' command is executed.
14:50:13 INFO  : ----------------XSDB Script (After Launch)----------------
targets -set -nocase -filter {name =~ "*A9*#0"}
con
----------------End of Script----------------

14:50:13 INFO  : Disconnected from the channel tcfchan#6.
14:51:01 INFO  : Connected to target on host '127.0.0.1' and port '3121'.
14:51:02 INFO  : Jtag cable 'Digilent Zybo Z7 210351AF248EA' is selected.
14:51:02 INFO  : 'jtag frequency' command is executed.
14:51:02 INFO  : Context for 'APU' is selected.
14:51:02 INFO  : System reset is completed.
14:51:05 INFO  : 'after 3000' command is executed.
14:51:05 INFO  : 'targets -set -filter {jtag_cable_name =~ "Digilent Zybo Z7 210351AF248EA" && level==0 && jtag_device_ctx=="jsn-Zybo Z7-210351AF248EA-13722093-0"}' command is executed.
14:51:06 INFO  : Device configured successfully with "/home/kevin/Documents/ECE520/projectFinal/project-final/Software/pmod_color/_ide/bitstream/color_design_wrapper.bit"
14:51:06 INFO  : Context for 'APU' is selected.
14:51:06 INFO  : Hardware design and registers information is loaded from '/home/kevin/Documents/ECE520/projectFinal/project-final/Software/color_design_wrapper/export/color_design_wrapper/hw/color_design_wrapper.xsa'.
14:51:06 INFO  : 'configparams force-mem-access 1' command is executed.
14:51:06 INFO  : Context for 'APU' is selected.
14:51:06 INFO  : Sourcing of '/home/kevin/Documents/ECE520/projectFinal/project-final/Software/pmod_color/_ide/psinit/ps7_init.tcl' is done.
14:51:07 INFO  : 'ps7_init' command is executed.
14:51:07 INFO  : 'ps7_post_config' command is executed.
14:51:07 INFO  : Context for processor 'ps7_cortexa9_0' is selected.
14:51:07 INFO  : The application '/home/kevin/Documents/ECE520/projectFinal/project-final/Software/pmod_color/Debug/pmod_color.elf' is downloaded to processor 'ps7_cortexa9_0'.
14:51:07 INFO  : 'configparams force-mem-access 0' command is executed.
14:51:07 INFO  : ----------------XSDB Script----------------
connect -url tcp:127.0.0.1:3121
targets -set -nocase -filter {name =~"APU*"}
rst -system
after 3000
targets -set -filter {jtag_cable_name =~ "Digilent Zybo Z7 210351AF248EA" && level==0 && jtag_device_ctx=="jsn-Zybo Z7-210351AF248EA-13722093-0"}
fpga -file /home/kevin/Documents/ECE520/projectFinal/project-final/Software/pmod_color/_ide/bitstream/color_design_wrapper.bit
targets -set -nocase -filter {name =~"APU*"}
loadhw -hw /home/kevin/Documents/ECE520/projectFinal/project-final/Software/color_design_wrapper/export/color_design_wrapper/hw/color_design_wrapper.xsa -mem-ranges [list {0x40000000 0xbfffffff}] -regs
configparams force-mem-access 1
targets -set -nocase -filter {name =~"APU*"}
source /home/kevin/Documents/ECE520/projectFinal/project-final/Software/pmod_color/_ide/psinit/ps7_init.tcl
ps7_init
ps7_post_config
targets -set -nocase -filter {name =~ "*A9*#0"}
dow /home/kevin/Documents/ECE520/projectFinal/project-final/Software/pmod_color/Debug/pmod_color.elf
configparams force-mem-access 0
----------------End of Script----------------

14:51:07 INFO  : Context for processor 'ps7_cortexa9_0' is selected.
14:51:07 INFO  : 'con' command is executed.
14:51:07 INFO  : ----------------XSDB Script (After Launch)----------------
targets -set -nocase -filter {name =~ "*A9*#0"}
con
----------------End of Script----------------

14:51:07 INFO  : Disconnected from the channel tcfchan#7.
14:51:46 INFO  : Result from executing command 'removePlatformRepo': 
14:52:08 INFO  : Result from executing command 'getProjects': color_design_wrapper
14:52:08 INFO  : Result from executing command 'getPlatforms': 
14:52:11 INFO  : Checking for BSP changes to sync application flags for project 'pmod_color'...
14:52:38 INFO  : Connected to target on host '127.0.0.1' and port '3121'.
14:52:38 INFO  : Jtag cable 'Digilent Zybo Z7 210351AF248EA' is selected.
14:52:38 INFO  : 'jtag frequency' command is executed.
14:52:38 INFO  : Context for 'APU' is selected.
14:52:38 INFO  : System reset is completed.
14:52:41 INFO  : 'after 3000' command is executed.
14:52:41 INFO  : 'targets -set -filter {jtag_cable_name =~ "Digilent Zybo Z7 210351AF248EA" && level==0 && jtag_device_ctx=="jsn-Zybo Z7-210351AF248EA-13722093-0"}' command is executed.
14:52:42 INFO  : Device configured successfully with "/home/kevin/Documents/ECE520/projectFinal/project-final/Software/pmod_color/_ide/bitstream/color_design_wrapper.bit"
14:52:42 INFO  : Context for 'APU' is selected.
14:52:42 INFO  : Hardware design and registers information is loaded from '/home/kevin/Documents/ECE520/projectFinal/project-final/Software/color_design_wrapper/export/color_design_wrapper/hw/color_design_wrapper.xsa'.
14:52:42 INFO  : 'configparams force-mem-access 1' command is executed.
14:52:42 INFO  : Context for 'APU' is selected.
14:52:42 INFO  : Sourcing of '/home/kevin/Documents/ECE520/projectFinal/project-final/Software/pmod_color/_ide/psinit/ps7_init.tcl' is done.
14:52:43 INFO  : 'ps7_init' command is executed.
14:52:43 INFO  : 'ps7_post_config' command is executed.
14:52:43 INFO  : Context for processor 'ps7_cortexa9_0' is selected.
14:52:43 INFO  : The application '/home/kevin/Documents/ECE520/projectFinal/project-final/Software/pmod_color/Debug/pmod_color.elf' is downloaded to processor 'ps7_cortexa9_0'.
14:52:43 INFO  : 'configparams force-mem-access 0' command is executed.
14:52:43 INFO  : ----------------XSDB Script----------------
connect -url tcp:127.0.0.1:3121
targets -set -nocase -filter {name =~"APU*"}
rst -system
after 3000
targets -set -filter {jtag_cable_name =~ "Digilent Zybo Z7 210351AF248EA" && level==0 && jtag_device_ctx=="jsn-Zybo Z7-210351AF248EA-13722093-0"}
fpga -file /home/kevin/Documents/ECE520/projectFinal/project-final/Software/pmod_color/_ide/bitstream/color_design_wrapper.bit
targets -set -nocase -filter {name =~"APU*"}
loadhw -hw /home/kevin/Documents/ECE520/projectFinal/project-final/Software/color_design_wrapper/export/color_design_wrapper/hw/color_design_wrapper.xsa -mem-ranges [list {0x40000000 0xbfffffff}] -regs
configparams force-mem-access 1
targets -set -nocase -filter {name =~"APU*"}
source /home/kevin/Documents/ECE520/projectFinal/project-final/Software/pmod_color/_ide/psinit/ps7_init.tcl
ps7_init
ps7_post_config
targets -set -nocase -filter {name =~ "*A9*#0"}
dow /home/kevin/Documents/ECE520/projectFinal/project-final/Software/pmod_color/Debug/pmod_color.elf
configparams force-mem-access 0
----------------End of Script----------------

14:52:43 INFO  : Context for processor 'ps7_cortexa9_0' is selected.
14:52:43 INFO  : 'con' command is executed.
14:52:43 INFO  : ----------------XSDB Script (After Launch)----------------
targets -set -nocase -filter {name =~ "*A9*#0"}
con
----------------End of Script----------------

14:52:43 INFO  : Disconnected from the channel tcfchan#10.
14:55:16 INFO  : Checking for BSP changes to sync application flags for project 'pmod_color'...
14:55:33 INFO  : Connected to target on host '127.0.0.1' and port '3121'.
14:55:33 INFO  : 'targets -set -filter {jtag_cable_name =~ "Digilent Zybo Z7 210351AF248EA" && level==0 && jtag_device_ctx=="jsn-Zybo Z7-210351AF248EA-13722093-0"}' command is executed.
14:55:34 INFO  : Device configured successfully with "/home/kevin/Documents/ECE520/projectFinal/project-final/Software/pmod_color/_ide/bitstream/color_design_wrapper.bit"
14:55:38 INFO  : Connected to target on host '127.0.0.1' and port '3121'.
14:55:38 INFO  : Jtag cable 'Digilent Zybo Z7 210351AF248EA' is selected.
14:55:38 INFO  : 'jtag frequency' command is executed.
14:55:38 INFO  : Context for 'APU' is selected.
14:55:38 INFO  : System reset is completed.
14:55:41 INFO  : 'after 3000' command is executed.
14:55:41 INFO  : 'targets -set -filter {jtag_cable_name =~ "Digilent Zybo Z7 210351AF248EA" && level==0 && jtag_device_ctx=="jsn-Zybo Z7-210351AF248EA-13722093-0"}' command is executed.
14:55:42 INFO  : Device configured successfully with "/home/kevin/Documents/ECE520/projectFinal/project-final/Software/pmod_color/_ide/bitstream/color_design_wrapper.bit"
14:55:42 INFO  : Context for 'APU' is selected.
14:55:42 INFO  : Hardware design and registers information is loaded from '/home/kevin/Documents/ECE520/projectFinal/project-final/Software/color_design_wrapper/export/color_design_wrapper/hw/color_design_wrapper.xsa'.
14:55:42 INFO  : 'configparams force-mem-access 1' command is executed.
14:55:42 INFO  : Context for 'APU' is selected.
14:55:42 INFO  : Sourcing of '/home/kevin/Documents/ECE520/projectFinal/project-final/Software/pmod_color/_ide/psinit/ps7_init.tcl' is done.
14:55:43 INFO  : 'ps7_init' command is executed.
14:55:43 INFO  : 'ps7_post_config' command is executed.
14:55:43 INFO  : Context for processor 'ps7_cortexa9_0' is selected.
14:55:43 INFO  : The application '/home/kevin/Documents/ECE520/projectFinal/project-final/Software/pmod_color/Debug/pmod_color.elf' is downloaded to processor 'ps7_cortexa9_0'.
14:55:43 INFO  : 'configparams force-mem-access 0' command is executed.
14:55:43 INFO  : ----------------XSDB Script----------------
connect -url tcp:127.0.0.1:3121
targets -set -nocase -filter {name =~"APU*"}
rst -system
after 3000
targets -set -filter {jtag_cable_name =~ "Digilent Zybo Z7 210351AF248EA" && level==0 && jtag_device_ctx=="jsn-Zybo Z7-210351AF248EA-13722093-0"}
fpga -file /home/kevin/Documents/ECE520/projectFinal/project-final/Software/pmod_color/_ide/bitstream/color_design_wrapper.bit
targets -set -nocase -filter {name =~"APU*"}
loadhw -hw /home/kevin/Documents/ECE520/projectFinal/project-final/Software/color_design_wrapper/export/color_design_wrapper/hw/color_design_wrapper.xsa -mem-ranges [list {0x40000000 0xbfffffff}] -regs
configparams force-mem-access 1
targets -set -nocase -filter {name =~"APU*"}
source /home/kevin/Documents/ECE520/projectFinal/project-final/Software/pmod_color/_ide/psinit/ps7_init.tcl
ps7_init
ps7_post_config
targets -set -nocase -filter {name =~ "*A9*#0"}
dow /home/kevin/Documents/ECE520/projectFinal/project-final/Software/pmod_color/Debug/pmod_color.elf
configparams force-mem-access 0
----------------End of Script----------------

14:55:43 INFO  : Context for processor 'ps7_cortexa9_0' is selected.
14:55:43 INFO  : 'con' command is executed.
14:55:43 INFO  : ----------------XSDB Script (After Launch)----------------
targets -set -nocase -filter {name =~ "*A9*#0"}
con
----------------End of Script----------------

14:55:43 INFO  : Disconnected from the channel tcfchan#11.
14:57:55 INFO  : Checking for BSP changes to sync application flags for project 'pmod_color'...
14:58:22 INFO  : Connected to target on host '127.0.0.1' and port '3121'.
14:58:22 INFO  : Jtag cable 'Digilent Zybo Z7 210351AF248EA' is selected.
14:58:22 INFO  : 'jtag frequency' command is executed.
14:58:22 INFO  : Context for 'APU' is selected.
14:58:22 INFO  : System reset is completed.
14:58:25 INFO  : 'after 3000' command is executed.
14:58:26 INFO  : 'targets -set -filter {jtag_cable_name =~ "Digilent Zybo Z7 210351AF248EA" && level==0 && jtag_device_ctx=="jsn-Zybo Z7-210351AF248EA-13722093-0"}' command is executed.
14:58:27 INFO  : Device configured successfully with "/home/kevin/Documents/ECE520/projectFinal/project-final/Software/pmod_color/_ide/bitstream/color_design_wrapper.bit"
14:58:27 INFO  : Context for 'APU' is selected.
14:58:27 INFO  : Hardware design and registers information is loaded from '/home/kevin/Documents/ECE520/projectFinal/project-final/Software/color_design_wrapper/export/color_design_wrapper/hw/color_design_wrapper.xsa'.
14:58:27 INFO  : 'configparams force-mem-access 1' command is executed.
14:58:27 INFO  : Context for 'APU' is selected.
14:58:27 INFO  : Sourcing of '/home/kevin/Documents/ECE520/projectFinal/project-final/Software/pmod_color/_ide/psinit/ps7_init.tcl' is done.
14:58:27 INFO  : 'ps7_init' command is executed.
14:58:27 INFO  : 'ps7_post_config' command is executed.
14:58:27 INFO  : Context for processor 'ps7_cortexa9_0' is selected.
14:58:27 INFO  : The application '/home/kevin/Documents/ECE520/projectFinal/project-final/Software/pmod_color/Debug/pmod_color.elf' is downloaded to processor 'ps7_cortexa9_0'.
14:58:27 INFO  : 'configparams force-mem-access 0' command is executed.
14:58:27 INFO  : ----------------XSDB Script----------------
connect -url tcp:127.0.0.1:3121
targets -set -nocase -filter {name =~"APU*"}
rst -system
after 3000
targets -set -filter {jtag_cable_name =~ "Digilent Zybo Z7 210351AF248EA" && level==0 && jtag_device_ctx=="jsn-Zybo Z7-210351AF248EA-13722093-0"}
fpga -file /home/kevin/Documents/ECE520/projectFinal/project-final/Software/pmod_color/_ide/bitstream/color_design_wrapper.bit
targets -set -nocase -filter {name =~"APU*"}
loadhw -hw /home/kevin/Documents/ECE520/projectFinal/project-final/Software/color_design_wrapper/export/color_design_wrapper/hw/color_design_wrapper.xsa -mem-ranges [list {0x40000000 0xbfffffff}] -regs
configparams force-mem-access 1
targets -set -nocase -filter {name =~"APU*"}
source /home/kevin/Documents/ECE520/projectFinal/project-final/Software/pmod_color/_ide/psinit/ps7_init.tcl
ps7_init
ps7_post_config
targets -set -nocase -filter {name =~ "*A9*#0"}
dow /home/kevin/Documents/ECE520/projectFinal/project-final/Software/pmod_color/Debug/pmod_color.elf
configparams force-mem-access 0
----------------End of Script----------------

14:58:27 INFO  : Context for processor 'ps7_cortexa9_0' is selected.
14:58:27 INFO  : 'con' command is executed.
14:58:27 INFO  : ----------------XSDB Script (After Launch)----------------
targets -set -nocase -filter {name =~ "*A9*#0"}
con
----------------End of Script----------------

14:58:27 INFO  : Disconnected from the channel tcfchan#12.
14:59:21 INFO  : No changes in MSS file content so sources will not be generated.
15:00:42 INFO  : Connected to target on host '127.0.0.1' and port '3121'.
15:00:42 INFO  : Jtag cable 'Digilent Zybo Z7 210351AF248EA' is selected.
15:00:42 INFO  : 'jtag frequency' command is executed.
15:00:42 INFO  : Context for 'APU' is selected.
15:00:42 INFO  : System reset is completed.
15:00:45 INFO  : 'after 3000' command is executed.
15:00:46 INFO  : 'targets -set -filter {jtag_cable_name =~ "Digilent Zybo Z7 210351AF248EA" && level==0 && jtag_device_ctx=="jsn-Zybo Z7-210351AF248EA-13722093-0"}' command is executed.
15:00:47 INFO  : Device configured successfully with "/home/kevin/Documents/ECE520/projectFinal/project-final/Software/pmod_color/_ide/bitstream/color_design_wrapper.bit"
15:00:47 INFO  : Context for 'APU' is selected.
15:00:47 INFO  : Hardware design and registers information is loaded from '/home/kevin/Documents/ECE520/projectFinal/project-final/Software/color_design_wrapper/export/color_design_wrapper/hw/color_design_wrapper.xsa'.
15:00:47 INFO  : 'configparams force-mem-access 1' command is executed.
15:00:47 INFO  : Context for 'APU' is selected.
15:00:47 INFO  : Sourcing of '/home/kevin/Documents/ECE520/projectFinal/project-final/Software/pmod_color/_ide/psinit/ps7_init.tcl' is done.
15:00:47 INFO  : 'ps7_init' command is executed.
15:00:47 INFO  : 'ps7_post_config' command is executed.
15:00:47 INFO  : Context for processor 'ps7_cortexa9_0' is selected.
15:00:47 INFO  : The application '/home/kevin/Documents/ECE520/projectFinal/project-final/Software/pmod_color/Debug/pmod_color.elf' is downloaded to processor 'ps7_cortexa9_0'.
15:00:47 INFO  : 'configparams force-mem-access 0' command is executed.
15:00:47 INFO  : ----------------XSDB Script----------------
connect -url tcp:127.0.0.1:3121
targets -set -nocase -filter {name =~"APU*"}
rst -system
after 3000
targets -set -filter {jtag_cable_name =~ "Digilent Zybo Z7 210351AF248EA" && level==0 && jtag_device_ctx=="jsn-Zybo Z7-210351AF248EA-13722093-0"}
fpga -file /home/kevin/Documents/ECE520/projectFinal/project-final/Software/pmod_color/_ide/bitstream/color_design_wrapper.bit
targets -set -nocase -filter {name =~"APU*"}
loadhw -hw /home/kevin/Documents/ECE520/projectFinal/project-final/Software/color_design_wrapper/export/color_design_wrapper/hw/color_design_wrapper.xsa -mem-ranges [list {0x40000000 0xbfffffff}] -regs
configparams force-mem-access 1
targets -set -nocase -filter {name =~"APU*"}
source /home/kevin/Documents/ECE520/projectFinal/project-final/Software/pmod_color/_ide/psinit/ps7_init.tcl
ps7_init
ps7_post_config
targets -set -nocase -filter {name =~ "*A9*#0"}
dow /home/kevin/Documents/ECE520/projectFinal/project-final/Software/pmod_color/Debug/pmod_color.elf
configparams force-mem-access 0
----------------End of Script----------------

15:00:47 INFO  : Context for processor 'ps7_cortexa9_0' is selected.
15:00:47 INFO  : 'con' command is executed.
15:00:47 INFO  : ----------------XSDB Script (After Launch)----------------
targets -set -nocase -filter {name =~ "*A9*#0"}
con
----------------End of Script----------------

15:00:47 INFO  : Disconnected from the channel tcfchan#13.
15:02:37 INFO  : Result from executing command 'getProjects': color_design_wrapper
15:02:37 INFO  : Result from executing command 'getPlatforms': color_design_wrapper|/home/kevin/Documents/ECE520/projectFinal/project-final/Software/color_design_wrapper/export/color_design_wrapper/color_design_wrapper.xpfm
15:02:40 INFO  : Checking for BSP changes to sync application flags for project 'pmod_color'...
15:03:06 INFO  : Checking for BSP changes to sync application flags for project 'pmod_color'...
15:03:15 INFO  : Checking for BSP changes to sync application flags for project 'pmod_color'...
15:03:25 INFO  : Connected to target on host '127.0.0.1' and port '3121'.
15:03:25 INFO  : Jtag cable 'Digilent Zybo Z7 210351AF248EA' is selected.
15:03:25 INFO  : 'jtag frequency' command is executed.
15:03:25 INFO  : Context for 'APU' is selected.
15:03:25 INFO  : System reset is completed.
15:03:28 INFO  : 'after 3000' command is executed.
15:03:28 INFO  : 'targets -set -filter {jtag_cable_name =~ "Digilent Zybo Z7 210351AF248EA" && level==0 && jtag_device_ctx=="jsn-Zybo Z7-210351AF248EA-13722093-0"}' command is executed.
15:03:30 INFO  : Device configured successfully with "/home/kevin/Documents/ECE520/projectFinal/project-final/Software/pmod_color/_ide/bitstream/color_design_wrapper.bit"
15:03:30 INFO  : Context for 'APU' is selected.
15:03:30 INFO  : Hardware design and registers information is loaded from '/home/kevin/Documents/ECE520/projectFinal/project-final/Software/color_design_wrapper/export/color_design_wrapper/hw/color_design_wrapper.xsa'.
15:03:30 INFO  : 'configparams force-mem-access 1' command is executed.
15:03:30 INFO  : Context for 'APU' is selected.
15:03:30 INFO  : Sourcing of '/home/kevin/Documents/ECE520/projectFinal/project-final/Software/pmod_color/_ide/psinit/ps7_init.tcl' is done.
15:03:30 INFO  : 'ps7_init' command is executed.
15:03:30 INFO  : 'ps7_post_config' command is executed.
15:03:30 INFO  : Context for processor 'ps7_cortexa9_0' is selected.
15:03:30 INFO  : The application '/home/kevin/Documents/ECE520/projectFinal/project-final/Software/pmod_color/Debug/pmod_color.elf' is downloaded to processor 'ps7_cortexa9_0'.
15:03:30 INFO  : 'configparams force-mem-access 0' command is executed.
15:03:30 INFO  : ----------------XSDB Script----------------
connect -url tcp:127.0.0.1:3121
targets -set -nocase -filter {name =~"APU*"}
rst -system
after 3000
targets -set -filter {jtag_cable_name =~ "Digilent Zybo Z7 210351AF248EA" && level==0 && jtag_device_ctx=="jsn-Zybo Z7-210351AF248EA-13722093-0"}
fpga -file /home/kevin/Documents/ECE520/projectFinal/project-final/Software/pmod_color/_ide/bitstream/color_design_wrapper.bit
targets -set -nocase -filter {name =~"APU*"}
loadhw -hw /home/kevin/Documents/ECE520/projectFinal/project-final/Software/color_design_wrapper/export/color_design_wrapper/hw/color_design_wrapper.xsa -mem-ranges [list {0x40000000 0xbfffffff}] -regs
configparams force-mem-access 1
targets -set -nocase -filter {name =~"APU*"}
source /home/kevin/Documents/ECE520/projectFinal/project-final/Software/pmod_color/_ide/psinit/ps7_init.tcl
ps7_init
ps7_post_config
targets -set -nocase -filter {name =~ "*A9*#0"}
dow /home/kevin/Documents/ECE520/projectFinal/project-final/Software/pmod_color/Debug/pmod_color.elf
configparams force-mem-access 0
----------------End of Script----------------

15:03:30 INFO  : Context for processor 'ps7_cortexa9_0' is selected.
15:03:30 INFO  : 'con' command is executed.
15:03:30 INFO  : ----------------XSDB Script (After Launch)----------------
targets -set -nocase -filter {name =~ "*A9*#0"}
con
----------------End of Script----------------

15:03:30 INFO  : Disconnected from the channel tcfchan#15.
15:16:41 INFO  : Connected to target on host '127.0.0.1' and port '3121'.
15:16:41 INFO  : 'targets -set -filter {jtag_cable_name =~ "Digilent Zybo Z7 210351AF248EA" && level==0 && jtag_device_ctx=="jsn-Zybo Z7-210351AF248EA-13722093-0"}' command is executed.
15:16:42 INFO  : Device configured successfully with "/home/kevin/Documents/ECE520/projectFinal/project-final/Software/pmod_color/_ide/bitstream/color_design_wrapper.bit"
15:38:53 INFO  : Checking for BSP changes to sync application flags for project 'pmod_color'...
15:39:01 INFO  : Connected to target on host '127.0.0.1' and port '3121'.
15:39:01 INFO  : Jtag cable 'Digilent Zybo Z7 210351AF248EA' is selected.
15:39:01 INFO  : 'jtag frequency' command is executed.
15:39:01 INFO  : Context for 'APU' is selected.
15:39:01 INFO  : System reset is completed.
15:39:04 INFO  : 'after 3000' command is executed.
15:39:05 INFO  : 'targets -set -filter {jtag_cable_name =~ "Digilent Zybo Z7 210351AF248EA" && level==0 && jtag_device_ctx=="jsn-Zybo Z7-210351AF248EA-13722093-0"}' command is executed.
15:39:06 INFO  : Device configured successfully with "/home/kevin/Documents/ECE520/projectFinal/project-final/Software/pmod_color/_ide/bitstream/color_design_wrapper.bit"
15:39:06 INFO  : Context for 'APU' is selected.
15:39:06 INFO  : Hardware design and registers information is loaded from '/home/kevin/Documents/ECE520/projectFinal/project-final/Software/color_design_wrapper/export/color_design_wrapper/hw/color_design_wrapper.xsa'.
15:39:06 INFO  : 'configparams force-mem-access 1' command is executed.
15:39:06 INFO  : Context for 'APU' is selected.
15:39:06 INFO  : Sourcing of '/home/kevin/Documents/ECE520/projectFinal/project-final/Software/pmod_color/_ide/psinit/ps7_init.tcl' is done.
15:39:06 INFO  : 'ps7_init' command is executed.
15:39:06 INFO  : 'ps7_post_config' command is executed.
15:39:06 INFO  : Context for processor 'ps7_cortexa9_0' is selected.
15:39:06 INFO  : The application '/home/kevin/Documents/ECE520/projectFinal/project-final/Software/pmod_color/Debug/pmod_color.elf' is downloaded to processor 'ps7_cortexa9_0'.
15:39:06 INFO  : 'configparams force-mem-access 0' command is executed.
15:39:06 INFO  : ----------------XSDB Script----------------
connect -url tcp:127.0.0.1:3121
targets -set -nocase -filter {name =~"APU*"}
rst -system
after 3000
targets -set -filter {jtag_cable_name =~ "Digilent Zybo Z7 210351AF248EA" && level==0 && jtag_device_ctx=="jsn-Zybo Z7-210351AF248EA-13722093-0"}
fpga -file /home/kevin/Documents/ECE520/projectFinal/project-final/Software/pmod_color/_ide/bitstream/color_design_wrapper.bit
targets -set -nocase -filter {name =~"APU*"}
loadhw -hw /home/kevin/Documents/ECE520/projectFinal/project-final/Software/color_design_wrapper/export/color_design_wrapper/hw/color_design_wrapper.xsa -mem-ranges [list {0x40000000 0xbfffffff}] -regs
configparams force-mem-access 1
targets -set -nocase -filter {name =~"APU*"}
source /home/kevin/Documents/ECE520/projectFinal/project-final/Software/pmod_color/_ide/psinit/ps7_init.tcl
ps7_init
ps7_post_config
targets -set -nocase -filter {name =~ "*A9*#0"}
dow /home/kevin/Documents/ECE520/projectFinal/project-final/Software/pmod_color/Debug/pmod_color.elf
configparams force-mem-access 0
----------------End of Script----------------

15:39:06 INFO  : Context for processor 'ps7_cortexa9_0' is selected.
15:39:06 INFO  : 'con' command is executed.
15:39:06 INFO  : ----------------XSDB Script (After Launch)----------------
targets -set -nocase -filter {name =~ "*A9*#0"}
con
----------------End of Script----------------

15:39:06 INFO  : Disconnected from the channel tcfchan#16.
15:43:13 INFO  : Connected to target on host '127.0.0.1' and port '3121'.
15:43:14 INFO  : 'targets -set -filter {jtag_cable_name =~ "Digilent Zybo Z7 210351AF248EA" && level==0 && jtag_device_ctx=="jsn-Zybo Z7-210351AF248EA-13722093-0"}' command is executed.
15:43:15 INFO  : Device configured successfully with "/home/kevin/Documents/ECE520/projectFinal/project-final/Software/pmod_color/_ide/bitstream/color_design_wrapper.bit"
15:43:38 INFO  : Checking for BSP changes to sync application flags for project 'pmod_color'...
15:43:45 INFO  : Connected to target on host '127.0.0.1' and port '3121'.
15:43:45 INFO  : 'targets -set -filter {jtag_cable_name =~ "Digilent Zybo Z7 210351AF248EA" && level==0 && jtag_device_ctx=="jsn-Zybo Z7-210351AF248EA-13722093-0"}' command is executed.
15:43:46 INFO  : Device configured successfully with "/home/kevin/Documents/ECE520/projectFinal/project-final/Software/pmod_color/_ide/bitstream/color_design_wrapper.bit"
15:43:51 INFO  : Connected to target on host '127.0.0.1' and port '3121'.
15:43:52 INFO  : Jtag cable 'Digilent Zybo Z7 210351AF248EA' is selected.
15:43:52 INFO  : 'jtag frequency' command is executed.
15:43:52 INFO  : Context for 'APU' is selected.
15:43:52 INFO  : System reset is completed.
15:43:55 INFO  : 'after 3000' command is executed.
15:43:55 INFO  : 'targets -set -filter {jtag_cable_name =~ "Digilent Zybo Z7 210351AF248EA" && level==0 && jtag_device_ctx=="jsn-Zybo Z7-210351AF248EA-13722093-0"}' command is executed.
15:43:56 INFO  : Device configured successfully with "/home/kevin/Documents/ECE520/projectFinal/project-final/Software/pmod_color/_ide/bitstream/color_design_wrapper.bit"
15:43:56 INFO  : Context for 'APU' is selected.
15:43:56 INFO  : Hardware design and registers information is loaded from '/home/kevin/Documents/ECE520/projectFinal/project-final/Software/color_design_wrapper/export/color_design_wrapper/hw/color_design_wrapper.xsa'.
15:43:56 INFO  : 'configparams force-mem-access 1' command is executed.
15:43:56 INFO  : Context for 'APU' is selected.
15:43:56 INFO  : Sourcing of '/home/kevin/Documents/ECE520/projectFinal/project-final/Software/pmod_color/_ide/psinit/ps7_init.tcl' is done.
15:43:57 INFO  : 'ps7_init' command is executed.
15:43:57 INFO  : 'ps7_post_config' command is executed.
15:43:57 INFO  : Context for processor 'ps7_cortexa9_0' is selected.
15:43:57 INFO  : The application '/home/kevin/Documents/ECE520/projectFinal/project-final/Software/pmod_color/Debug/pmod_color.elf' is downloaded to processor 'ps7_cortexa9_0'.
15:43:57 INFO  : 'configparams force-mem-access 0' command is executed.
15:43:57 INFO  : ----------------XSDB Script----------------
connect -url tcp:127.0.0.1:3121
targets -set -nocase -filter {name =~"APU*"}
rst -system
after 3000
targets -set -filter {jtag_cable_name =~ "Digilent Zybo Z7 210351AF248EA" && level==0 && jtag_device_ctx=="jsn-Zybo Z7-210351AF248EA-13722093-0"}
fpga -file /home/kevin/Documents/ECE520/projectFinal/project-final/Software/pmod_color/_ide/bitstream/color_design_wrapper.bit
targets -set -nocase -filter {name =~"APU*"}
loadhw -hw /home/kevin/Documents/ECE520/projectFinal/project-final/Software/color_design_wrapper/export/color_design_wrapper/hw/color_design_wrapper.xsa -mem-ranges [list {0x40000000 0xbfffffff}] -regs
configparams force-mem-access 1
targets -set -nocase -filter {name =~"APU*"}
source /home/kevin/Documents/ECE520/projectFinal/project-final/Software/pmod_color/_ide/psinit/ps7_init.tcl
ps7_init
ps7_post_config
targets -set -nocase -filter {name =~ "*A9*#0"}
dow /home/kevin/Documents/ECE520/projectFinal/project-final/Software/pmod_color/Debug/pmod_color.elf
configparams force-mem-access 0
----------------End of Script----------------

15:43:57 INFO  : Context for processor 'ps7_cortexa9_0' is selected.
15:43:57 INFO  : 'con' command is executed.
15:43:57 INFO  : ----------------XSDB Script (After Launch)----------------
targets -set -nocase -filter {name =~ "*A9*#0"}
con
----------------End of Script----------------

15:43:57 INFO  : Disconnected from the channel tcfchan#17.
15:44:30 INFO  : Checking for BSP changes to sync application flags for project 'pmod_color'...
15:44:42 INFO  : Connected to target on host '127.0.0.1' and port '3121'.
15:44:42 INFO  : 'targets -set -filter {jtag_cable_name =~ "Digilent Zybo Z7 210351AF248EA" && level==0 && jtag_device_ctx=="jsn-Zybo Z7-210351AF248EA-13722093-0"}' command is executed.
15:44:43 INFO  : Device configured successfully with "/home/kevin/Documents/ECE520/projectFinal/project-final/Software/pmod_color/_ide/bitstream/color_design_wrapper.bit"
15:44:48 INFO  : Connected to target on host '127.0.0.1' and port '3121'.
15:44:49 INFO  : Jtag cable 'Digilent Zybo Z7 210351AF248EA' is selected.
15:44:49 INFO  : 'jtag frequency' command is executed.
15:44:49 INFO  : Context for 'APU' is selected.
15:44:49 INFO  : System reset is completed.
15:44:52 INFO  : 'after 3000' command is executed.
15:44:52 INFO  : 'targets -set -filter {jtag_cable_name =~ "Digilent Zybo Z7 210351AF248EA" && level==0 && jtag_device_ctx=="jsn-Zybo Z7-210351AF248EA-13722093-0"}' command is executed.
15:44:53 INFO  : Device configured successfully with "/home/kevin/Documents/ECE520/projectFinal/project-final/Software/pmod_color/_ide/bitstream/color_design_wrapper.bit"
15:44:53 INFO  : Context for 'APU' is selected.
15:44:53 INFO  : Hardware design and registers information is loaded from '/home/kevin/Documents/ECE520/projectFinal/project-final/Software/color_design_wrapper/export/color_design_wrapper/hw/color_design_wrapper.xsa'.
15:44:53 INFO  : 'configparams force-mem-access 1' command is executed.
15:44:53 INFO  : Context for 'APU' is selected.
15:44:53 INFO  : Sourcing of '/home/kevin/Documents/ECE520/projectFinal/project-final/Software/pmod_color/_ide/psinit/ps7_init.tcl' is done.
15:44:53 INFO  : 'ps7_init' command is executed.
15:44:53 INFO  : 'ps7_post_config' command is executed.
15:44:53 INFO  : Context for processor 'ps7_cortexa9_0' is selected.
15:44:54 INFO  : The application '/home/kevin/Documents/ECE520/projectFinal/project-final/Software/pmod_color/Debug/pmod_color.elf' is downloaded to processor 'ps7_cortexa9_0'.
15:44:54 INFO  : 'configparams force-mem-access 0' command is executed.
15:44:54 INFO  : ----------------XSDB Script----------------
connect -url tcp:127.0.0.1:3121
targets -set -nocase -filter {name =~"APU*"}
rst -system
after 3000
targets -set -filter {jtag_cable_name =~ "Digilent Zybo Z7 210351AF248EA" && level==0 && jtag_device_ctx=="jsn-Zybo Z7-210351AF248EA-13722093-0"}
fpga -file /home/kevin/Documents/ECE520/projectFinal/project-final/Software/pmod_color/_ide/bitstream/color_design_wrapper.bit
targets -set -nocase -filter {name =~"APU*"}
loadhw -hw /home/kevin/Documents/ECE520/projectFinal/project-final/Software/color_design_wrapper/export/color_design_wrapper/hw/color_design_wrapper.xsa -mem-ranges [list {0x40000000 0xbfffffff}] -regs
configparams force-mem-access 1
targets -set -nocase -filter {name =~"APU*"}
source /home/kevin/Documents/ECE520/projectFinal/project-final/Software/pmod_color/_ide/psinit/ps7_init.tcl
ps7_init
ps7_post_config
targets -set -nocase -filter {name =~ "*A9*#0"}
dow /home/kevin/Documents/ECE520/projectFinal/project-final/Software/pmod_color/Debug/pmod_color.elf
configparams force-mem-access 0
----------------End of Script----------------

15:44:54 INFO  : Context for processor 'ps7_cortexa9_0' is selected.
15:44:54 INFO  : 'con' command is executed.
15:44:54 INFO  : ----------------XSDB Script (After Launch)----------------
targets -set -nocase -filter {name =~ "*A9*#0"}
con
----------------End of Script----------------

15:44:54 INFO  : Disconnected from the channel tcfchan#18.
15:58:27 INFO  : Checking for BSP changes to sync application flags for project 'pmod_color'...
15:58:34 INFO  : Connected to target on host '127.0.0.1' and port '3121'.
15:58:34 INFO  : Jtag cable 'Digilent Zybo Z7 210351AF248EA' is selected.
15:58:34 INFO  : 'jtag frequency' command is executed.
15:58:34 INFO  : Context for 'APU' is selected.
15:58:34 INFO  : System reset is completed.
15:58:37 INFO  : 'after 3000' command is executed.
15:58:37 INFO  : 'targets -set -filter {jtag_cable_name =~ "Digilent Zybo Z7 210351AF248EA" && level==0 && jtag_device_ctx=="jsn-Zybo Z7-210351AF248EA-13722093-0"}' command is executed.
15:58:39 INFO  : Device configured successfully with "/home/kevin/Documents/ECE520/projectFinal/project-final/Software/pmod_color/_ide/bitstream/color_design_wrapper.bit"
15:58:39 INFO  : Context for 'APU' is selected.
15:58:39 INFO  : Hardware design and registers information is loaded from '/home/kevin/Documents/ECE520/projectFinal/project-final/Software/color_design_wrapper/export/color_design_wrapper/hw/color_design_wrapper.xsa'.
15:58:39 INFO  : 'configparams force-mem-access 1' command is executed.
15:58:39 INFO  : Context for 'APU' is selected.
15:58:39 INFO  : Sourcing of '/home/kevin/Documents/ECE520/projectFinal/project-final/Software/pmod_color/_ide/psinit/ps7_init.tcl' is done.
15:58:39 INFO  : 'ps7_init' command is executed.
15:58:39 INFO  : 'ps7_post_config' command is executed.
15:58:39 INFO  : Context for processor 'ps7_cortexa9_0' is selected.
15:58:39 INFO  : The application '/home/kevin/Documents/ECE520/projectFinal/project-final/Software/pmod_color/Debug/pmod_color.elf' is downloaded to processor 'ps7_cortexa9_0'.
15:58:39 INFO  : 'configparams force-mem-access 0' command is executed.
15:58:39 INFO  : ----------------XSDB Script----------------
connect -url tcp:127.0.0.1:3121
targets -set -nocase -filter {name =~"APU*"}
rst -system
after 3000
targets -set -filter {jtag_cable_name =~ "Digilent Zybo Z7 210351AF248EA" && level==0 && jtag_device_ctx=="jsn-Zybo Z7-210351AF248EA-13722093-0"}
fpga -file /home/kevin/Documents/ECE520/projectFinal/project-final/Software/pmod_color/_ide/bitstream/color_design_wrapper.bit
targets -set -nocase -filter {name =~"APU*"}
loadhw -hw /home/kevin/Documents/ECE520/projectFinal/project-final/Software/color_design_wrapper/export/color_design_wrapper/hw/color_design_wrapper.xsa -mem-ranges [list {0x40000000 0xbfffffff}] -regs
configparams force-mem-access 1
targets -set -nocase -filter {name =~"APU*"}
source /home/kevin/Documents/ECE520/projectFinal/project-final/Software/pmod_color/_ide/psinit/ps7_init.tcl
ps7_init
ps7_post_config
targets -set -nocase -filter {name =~ "*A9*#0"}
dow /home/kevin/Documents/ECE520/projectFinal/project-final/Software/pmod_color/Debug/pmod_color.elf
configparams force-mem-access 0
----------------End of Script----------------

15:58:39 INFO  : Context for processor 'ps7_cortexa9_0' is selected.
15:58:40 INFO  : 'con' command is executed.
15:58:40 INFO  : ----------------XSDB Script (After Launch)----------------
targets -set -nocase -filter {name =~ "*A9*#0"}
con
----------------End of Script----------------

15:58:40 INFO  : Disconnected from the channel tcfchan#19.
